0 info it worked if it ends with ok
1 verbose cli [
1 verbose cli   'C:\\Program Files\\nodejs\\node.exe',
1 verbose cli   'C:\\Users\\marce\\AppData\\Roaming\\npm\\node_modules\\npm\\bin\\npm-cli.js',
1 verbose cli   'run',
1 verbose cli   'compile:watch',
1 verbose cli   'babel'
1 verbose cli ]
2 info using npm@3.10.5
3 info using node@v14.15.1
4 verbose run-script [ 'precompile:watch', 'compile:watch', 'postcompile:watch' ]
5 info lifecycle @mtutils/jsve@0.0.1~precompile:watch: @mtutils/jsve@0.0.1
6 silly lifecycle @mtutils/jsve@0.0.1~precompile:watch: no script for precompile:watch, continuing
7 info lifecycle @mtutils/jsve@0.0.1~compile:watch: @mtutils/jsve@0.0.1
8 verbose lifecycle @mtutils/jsve@0.0.1~compile:watch: unsafe-perm in lifecycle true
9 verbose lifecycle @mtutils/jsve@0.0.1~compile:watch: PATH: C:\Users\marce\AppData\Roaming\npm\node_modules\npm\bin\node-gyp-bin;E:\Github1\mtutils\packages\jsve\node_modules\.bin;C:\Program Files\nodejs;C:\Users\marce\AppData\Local\Temp\yarn--1609171089390-0.28601555397752754;E:\Github1\mtutils\packages\jsve\node_modules\.bin;C:\Users\marce\AppData\Local\Yarn\Data\link\node_modules\.bin;E:\Github1\mtutils\node_modules\.bin;C:\Program Files\libexec\lib\node_modules\npm\bin\node-gyp-bin;C:\Program Files\lib\node_modules\npm\bin\node-gyp-bin;C:\Program Files\nodejs\node_modules\npm\bin\node-gyp-bin;E:\Github1\mtutils\packages\jsve\node_modules\.bin;E:\Github1\mtutils\packages\node_modules\.bin;E:\Github1\mtutils\node_modules\.bin;E:\Github1\node_modules\.bin;E:\node_modules\.bin;C:\Program Files\nodejs;C:\Users\marce\AppData\Local\Temp\yarn--1609171075212-0.0877968307464343;E:\Github1\mtutils\node_modules\.bin;C:\Users\marce\AppData\Local\Yarn\Data\link\node_modules\.bin;E:\Github1\mtutils\node_modules\.bin;C:\Program Files\libexec\lib\node_modules\npm\bin\node-gyp-bin;C:\Program Files\lib\node_modules\npm\bin\node-gyp-bin;C:\Program Files\nodejs\node_modules\npm\bin\node-gyp-bin;C:\Program Files (x86)\Common Files\Oracle\Java\javapath;C:\ProgramData\Oracle\Java\javapath;C:\WINDOWS\system32;C:\WINDOWS;C:\WINDOWS\System32\Wbem;C:\WINDOWS\System32\WindowsPowerShell\v1.0\;C:\Program Files (x86)\Microsoft SQL Server\110\Tools\Binn\;C:\Program Files (x86)\Microsoft SQL Server\110\Tools\Binn\ManagementStudio\;C:\Program Files (x86)\Microsoft SQL Server\110\DTS\Binn\;C:\Program Files (x86)\Microsoft Visual Studio 11.0\Common7\IDE\PrivateAssemblies\;C:\Program Files\Git\cmd;C:\ProgramData\chocolatey\bin;C:\WINDOWS\System32\OpenSSH\;C:\Program Files\Intel\WiFi\bin\;C:\Program Files\Common Files\Intel\WirelessCommon\;C:\Program Files\MongoDB\Server\4.2\bin;C:\Program Files\PuTTY\;C:\Program Files\MySQL\MySQL Utilities 1.6\;C:\Program Files\nodejs\;C:\Program Files (x86)\Yarn\bin\;C:\Program Files (x86)\Common Files\Oracle\Java\javapath;C:\ProgramData\Oracle\Java\javapath;C:\WINDOWS\system32;C:\WINDOWS;C:\WINDOWS\System32\Wbem;C:\WINDOWS\System32\WindowsPowerShell\v1.0\;C:\Program Files (x86)\Microsoft SQL Server\110\Tools\Binn\;C:\Program Files (x86)\Microsoft SQL Server\110\Tools\Binn\ManagementStudio\;C:\Program Files (x86)\Microsoft SQL Server\110\DTS\Binn\;C:\Program Files (x86)\Microsoft Visual Studio 11.0\Common7\IDE\PrivateAssemblies\;C:\Program Files\Git\cmd;C:\ProgramData\chocolatey\bin;C:\Program Files\nodejs\;C:\WINDOWS\System32\OpenSSH\;C:\Program Files (x86)\Yarn\bin\;C:\Program Files\Intel\WiFi\bin\;C:\Program Files\Common Files\Intel\WirelessCommon\;C:\Users\marce\.minishift\cache\oc\v3.6.173.0.5;C:\Ruby23-x64\bin;C:\Program Files\Java\jdk1.8.0_91\bin;C:\Program Files\nodejs;E:\javas_stuff\apache-maven-3.3.9\bin;E:\javas_stuff\gradle-2.14\bin;C:\Windows\System32;C:\Program Files\MySQL\MySQL Server 5.7\bin;C:\Users\marce\AppData\Local\Microsoft\WindowsApps;C:\Users\marce\AppData\Local\Android\sdk\platform-tools;C:\Program Files\Microsoft VS Code\bin;C:\Users\marce\AppData\Local\Programs\Microsoft VS Code\bin;C:\Program Files\Docker Toolbox;C:\Program Files\heroku\bin;C:\Users\marce\AppData\Roaming\npm;C:\Users\marce\AppData\Local\Yarn\bin
10 verbose lifecycle @mtutils/jsve@0.0.1~compile:watch: CWD: E:\Github1\mtutils\packages\jsve
11 silly lifecycle @mtutils/jsve@0.0.1~compile:watch: Args: [ '/d /s /c', 'rollup -c -w "babel"' ]
12 silly lifecycle @mtutils/jsve@0.0.1~compile:watch: Returned: code: 3221225786  signal: null
13 info lifecycle @mtutils/jsve@0.0.1~compile:watch: Failed to exec compile:watch script
14 verbose stack Error: @mtutils/jsve@0.0.1 compile:watch: `rollup -c -w "babel"`
14 verbose stack Exit status 3221225786
14 verbose stack     at EventEmitter.<anonymous> (C:\Users\marce\AppData\Roaming\npm\node_modules\npm\lib\utils\lifecycle.js:242:16)
14 verbose stack     at EventEmitter.emit (events.js:315:20)
14 verbose stack     at ChildProcess.<anonymous> (C:\Users\marce\AppData\Roaming\npm\node_modules\npm\lib\utils\spawn.js:40:14)
14 verbose stack     at ChildProcess.emit (events.js:315:20)
14 verbose stack     at maybeClose (internal/child_process.js:1048:16)
14 verbose stack     at Process.ChildProcess._handle.onexit (internal/child_process.js:288:5)
15 verbose pkgid @mtutils/jsve@0.0.1
16 verbose cwd E:\Github1\mtutils\packages\jsve
17 error Windows_NT 10.0.18363
18 error argv "C:\\Program Files\\nodejs\\node.exe" "C:\\Users\\marce\\AppData\\Roaming\\npm\\node_modules\\npm\\bin\\npm-cli.js" "run" "compile:watch" "babel"
19 error node v14.15.1
20 error npm  v3.10.5
21 error code ELIFECYCLE
22 error @mtutils/jsve@0.0.1 compile:watch: `rollup -c -w "babel"`
22 error Exit status 3221225786
23 error Failed at the @mtutils/jsve@0.0.1 compile:watch script 'rollup -c -w "babel"'.
23 error Make sure you have the latest version of node.js and npm installed.
23 error If you do, this is most likely a problem with the @mtutils/jsve package,
23 error not with npm itself.
23 error Tell the author that this fails on your system:
23 error     rollup -c -w "babel"
23 error You can get information on how to open an issue for this project with:
23 error     npm bugs @mtutils/jsve
23 error Or if that isn't available, you can get their info via:
23 error     npm owner ls @mtutils/jsve
23 error There is likely additional logging output above.
24 verbose exit [ 1, true ]
