0 info it worked if it ends with ok
1 verbose cli [
1 verbose cli   'C:\\Program Files\\nodejs\\node.exe',
1 verbose cli   'C:\\Users\\marce\\AppData\\Roaming\\npm\\node_modules\\npm\\bin\\npm-cli.js',
1 verbose cli   'view',
1 verbose cli   '--json',
1 verbose cli   '@mtutils/jsve',
1 verbose cli   'description',
1 verbose cli   'dist-tags.latest',
1 verbose cli   'homepage',
1 verbose cli   'version'
1 verbose cli ]
2 info using npm@3.10.5
3 info using node@v14.15.1
4 silly mapToRegistry name @mtutils/jsve
5 silly mapToRegistry scope (from package name) @mtutils
6 verbose mapToRegistry no registry URL found in name for scope @mtutils
7 silly mapToRegistry using default registry
8 silly mapToRegistry registry https://registry.npmjs.org/
9 silly mapToRegistry data Result {
9 silly mapToRegistry   raw: '@mtutils/jsve',
9 silly mapToRegistry   scope: '@mtutils',
9 silly mapToRegistry   escapedName: '@mtutils%2fjsve',
9 silly mapToRegistry   name: '@mtutils/jsve',
9 silly mapToRegistry   rawSpec: '',
9 silly mapToRegistry   spec: 'latest',
9 silly mapToRegistry   type: 'tag'
9 silly mapToRegistry }
10 silly mapToRegistry uri https://registry.npmjs.org/@mtutils%2fjsve
11 verbose request uri https://registry.npmjs.org/@mtutils%2fjsve
12 verbose request no auth needed
13 info attempt registry request try #1 at 11:18:55 AM
14 verbose request using bearer token for auth
15 verbose request id d96f49d51c61df00
16 http request GET https://registry.npmjs.org/@mtutils%2fjsve
17 http 404 https://registry.npmjs.org/@mtutils%2fjsve
18 verbose headers {
18 verbose headers   date: 'Wed, 30 Dec 2020 16:18:55 GMT',
18 verbose headers   'content-type': 'application/json',
18 verbose headers   'content-length': '21',
18 verbose headers   connection: 'keep-alive',
18 verbose headers   'set-cookie': [
18 verbose headers     '__cfduid=dc609f5ef5ddf6ee508e375fb30186f561609345135; expires=Fri, 29-Jan-21 16:18:55 GMT; path=/; domain=.npmjs.org; HttpOnly; SameSite=Lax'
18 verbose headers   ],
18 verbose headers   'cf-request-id': '07560b0b420000aba03d9a5000000001',
18 verbose headers   'expect-ct': 'max-age=604800, report-uri="https://report-uri.cloudflare.com/cdn-cgi/beacon/expect-ct"',
18 verbose headers   vary: 'Accept-Encoding',
18 verbose headers   server: 'cloudflare',
18 verbose headers   'cf-ray': '609d14586e6daba0-YYZ'
18 verbose headers }
19 silly get cb [
19 silly get   404,
19 silly get   {
19 silly get     date: 'Wed, 30 Dec 2020 16:18:55 GMT',
19 silly get     'content-type': 'application/json',
19 silly get     'content-length': '21',
19 silly get     connection: 'keep-alive',
19 silly get     'set-cookie': [
19 silly get       '__cfduid=dc609f5ef5ddf6ee508e375fb30186f561609345135; expires=Fri, 29-Jan-21 16:18:55 GMT; path=/; domain=.npmjs.org; HttpOnly; SameSite=Lax'
19 silly get     ],
19 silly get     'cf-request-id': '07560b0b420000aba03d9a5000000001',
19 silly get     'expect-ct': 'max-age=604800, report-uri="https://report-uri.cloudflare.com/cdn-cgi/beacon/expect-ct"',
19 silly get     vary: 'Accept-Encoding',
19 silly get     server: 'cloudflare',
19 silly get     'cf-ray': '609d14586e6daba0-YYZ'
19 silly get   }
19 silly get ]
20 verbose stack Error: Not found : @mtutils/jsve
20 verbose stack     at makeError (C:\Users\marce\AppData\Roaming\npm\node_modules\npm\node_modules\npm-registry-client\lib\request.js:264:12)
20 verbose stack     at CachingRegistryClient.<anonymous> (C:\Users\marce\AppData\Roaming\npm\node_modules\npm\node_modules\npm-registry-client\lib\request.js:252:14)
20 verbose stack     at Request._callback (C:\Users\marce\AppData\Roaming\npm\node_modules\npm\node_modules\npm-registry-client\lib\request.js:172:14)
20 verbose stack     at Request.self.callback (C:\Users\marce\AppData\Roaming\npm\node_modules\npm\node_modules\request\request.js:200:22)
20 verbose stack     at Request.emit (events.js:315:20)
20 verbose stack     at Request.<anonymous> (C:\Users\marce\AppData\Roaming\npm\node_modules\npm\node_modules\request\request.js:1067:10)
20 verbose stack     at Request.emit (events.js:327:22)
20 verbose stack     at IncomingMessage.<anonymous> (C:\Users\marce\AppData\Roaming\npm\node_modules\npm\node_modules\request\request.js:988:12)
20 verbose stack     at IncomingMessage.emit (events.js:327:22)
20 verbose stack     at endReadableNT (_stream_readable.js:1327:12)
21 verbose statusCode 404
22 verbose pkgid @mtutils/jsve
23 verbose cwd e:\Github1\mtutils\packages\docs
24 error Windows_NT 10.0.18363
25 error argv "C:\\Program Files\\nodejs\\node.exe" "C:\\Users\\marce\\AppData\\Roaming\\npm\\node_modules\\npm\\bin\\npm-cli.js" "view" "--json" "@mtutils/jsve" "description" "dist-tags.latest" "homepage" "version"
26 error node v14.15.1
27 error npm  v3.10.5
28 error code E404
29 error 404 Not found : @mtutils/jsve
30 error 404
31 error 404 '@mtutils/jsve' is not in the npm registry.
32 error 404 You should bug the author to publish it (or use the name yourself!)
33 error 404 Note that you can also install from a
34 error 404 tarball, folder, http url, or git url.
35 verbose exit [ 1, true ]
